Using pre-set license
Built from '2021.3/staging' branch; Version is '2021.3.5f1 (40eb3a945986) revision 4254522'; Using compiler version '192829333'; Build Type 'Release'
OS: 'Windows 10  (10.0.19045) 64bit Professional' Language: 'en' Physical Memory: 32667 MB
BatchMode: 1, IsHumanControllingUs: 0, StartBugReporterOnCrash: 0, Is64bit: 1, IsPro: 1

COMMAND LINE ARGUMENTS:
C:\Program Files\Unity 2021.3.5f1\Editor\Unity.exe
-adb2
-batchMode
-noUpm
-name
AssetImportWorker15
-projectPath
C:/Users/Mercury/Documents/School/DIG 4715C/Puzzle Bobble Please Work
-logFile
Logs/AssetImportWorker15.log
-srvPort
60178
Successfully changed project path to: C:/Users/Mercury/Documents/School/DIG 4715C/Puzzle Bobble Please Work
C:/Users/Mercury/Documents/School/DIG 4715C/Puzzle Bobble Please Work
[UnityMemory] Configuration Parameters - Can be set up in boot.config
    "memorysetup-bucket-allocator-granularity=16"
    "memorysetup-bucket-allocator-bucket-count=8"
    "memorysetup-bucket-allocator-block-size=33554432"
    "memorysetup-bucket-allocator-block-count=8"
    "memorysetup-main-allocator-block-size=16777216"
    "memorysetup-thread-allocator-block-size=16777216"
    "memorysetup-gfx-main-allocator-block-size=16777216"
    "memorysetup-gfx-thread-allocator-block-size=16777216"
    "memorysetup-cache-allocator-block-size=4194304"
    "memorysetup-typetree-allocator-block-size=2097152"
    "memorysetup-profiler-bucket-allocator-granularity=16"
    "memorysetup-profiler-bucket-allocator-bucket-count=8"
    "memorysetup-profiler-bucket-allocator-block-size=33554432"
    "memorysetup-profiler-bucket-allocator-block-count=8"
    "memorysetup-profiler-allocator-block-size=16777216"
    "memorysetup-profiler-editor-allocator-block-size=1048576"
    "memorysetup-temp-allocator-size-main=16777216"
    "memorysetup-job-temp-allocator-block-size=2097152"
    "memorysetup-job-temp-allocator-block-size-background=1048576"
    "memorysetup-job-temp-allocator-reduction-small-platforms=262144"
    "memorysetup-temp-allocator-size-background-worker=32768"
    "memorysetup-temp-allocator-size-job-worker=262144"
    "memorysetup-temp-allocator-size-preload-manager=33554432"
    "memorysetup-temp-allocator-size-nav-mesh-worker=65536"
    "memorysetup-temp-allocator-size-audio-worker=65536"
    "memorysetup-temp-allocator-size-cloud-worker=32768"
    "memorysetup-temp-allocator-size-gi-baking-worker=262144"
    "memorysetup-temp-allocator-size-gfx=262144"
Refreshing native plugins compatible for Editor in 94.00 ms, found 4 plugins.
Preloading 0 native plugins for Editor in 0.00 ms.
Initialize engine version: 2021.3.5f1 (40eb3a945986)
[Subsystems] Discovering subsystems at path C:/Program Files/Unity 2021.3.5f1/Editor/Data/Resources/UnitySubsystems
[Subsystems] Discovering subsystems at path C:/Users/Mercury/Documents/School/DIG 4715C/Puzzle Bobble Please Work/Assets
GfxDevice: creating device client; threaded=0; jobified=0
Direct3D:
    Version:  Direct3D 11.0 [level 11.1]
    Renderer: NVIDIA GeForce RTX 3070 (ID=0x2484)
    Vendor:   NVIDIA
    VRAM:     8031 MB
    Driver:   31.0.15.2756
Initialize mono
Mono path[0] = 'C:/Program Files/Unity 2021.3.5f1/Editor/Data/Managed'
Mono path[1] = 'C:/Program Files/Unity 2021.3.5f1/Editor/Data/MonoBleedingEdge/lib/mono/unityjit-win32'
Mono config path = 'C:/Program Files/Unity 2021.3.5f1/Editor/Data/MonoBleedingEdge/etc'
Using monoOptions --debugger-agent=transport=dt_socket,embedding=1,server=y,suspend=n,address=127.0.0.1:56404
Begin MonoManager ReloadAssembly
Registering precompiled unity dll's ...
Register platform support module: C:/Program Files/Unity 2021.3.5f1/Editor/Data/PlaybackEngines/WebGLSupport/UnityEditor.WebGL.Extensions.dll
Register platform support module: C:/Program Files/Unity 2021.3.5f1/Editor/Data/PlaybackEngines/WindowsStandaloneSupport/UnityEditor.WindowsStandalone.Extensions.dll
Registered in 0.005262 seconds.
Native extension for WindowsStandalone target not found
Native extension for WebGL target not found
Refreshing native plugins compatible for Editor in 75.35 ms, found 4 plugins.
Preloading 0 native plugins for Editor in 0.00 ms.
Mono: successfully reloaded assembly
- Completed reload, in  0.519 seconds
Domain Reload Profiling:
	ReloadAssembly (520ms)
		BeginReloadAssembly (66ms)
			ExecutionOrderSort (0ms)
			DisableScriptedObjects (0ms)
			BackupInstance (0ms)
			ReleaseScriptingObjects (0ms)
			CreateAndSetChildDomain (1ms)
		EndReloadAssembly (366ms)
			LoadAssemblies (63ms)
			RebuildTransferFunctionScriptingTraits (0ms)
			SetupTypeCache (77ms)
			ReleaseScriptCaches (0ms)
			RebuildScriptCaches (20ms)
			SetupLoadedEditorAssemblies (227ms)
				LogAssemblyErrors (0ms)
				InitializePlatformSupportModulesInManaged (7ms)
				SetLoadedEditorAssemblies (0ms)
				RefreshPlugins (75ms)
				BeforeProcessingInitializeOnLoad (1ms)
				ProcessInitializeOnLoadAttributes (109ms)
				ProcessInitializeOnLoadMethodAttributes (34ms)
				AfterProcessingInitializeOnLoad (0ms)
				EditorAssembliesLoaded (0ms)
			ExecutionOrderSort2 (0ms)
			AwakeInstancesAfterBackupRestoration (0ms)
Platform modules already initialized, skipping
Registering precompiled user dll's ...
Registered in 0.008865 seconds.
Begin MonoManager ReloadAssembly
Symbol file LoadedFromMemory doesn't match image C:\Users\Mercury\Documents\School\DIG 4715C\Puzzle Bobble Please Work\Library\PackageCache\com.unity.visualscripting@1.7.8\Editor\VisualScripting.Core\Dependencies\YamlDotNet\Unity.VisualScripting.YamlDotNet.dll
Symbol file LoadedFromMemory doesn't match image C:\Users\Mercury\Documents\School\DIG 4715C\Puzzle Bobble Please Work\Library\PackageCache\com.unity.visualscripting@1.7.8\Editor\VisualScripting.Core\Dependencies\DotNetZip\Unity.VisualScripting.IonicZip.dll
Native extension for WindowsStandalone target not found
Native extension for WebGL target not found
Refreshing native plugins compatible for Editor in 78.28 ms, found 4 plugins.
Preloading 0 native plugins for Editor in 0.00 ms.
Mono: successfully reloaded assembly
- Completed reload, in  0.974 seconds
Domain Reload Profiling:
	ReloadAssembly (975ms)
		BeginReloadAssembly (97ms)
			ExecutionOrderSort (0ms)
			DisableScriptedObjects (4ms)
			BackupInstance (0ms)
			ReleaseScriptingObjects (0ms)
			CreateAndSetChildDomain (18ms)
		EndReloadAssembly (776ms)
			LoadAssemblies (81ms)
			RebuildTransferFunctionScriptingTraits (0ms)
			SetupTypeCache (184ms)
			ReleaseScriptCaches (1ms)
			RebuildScriptCaches (42ms)
			SetupLoadedEditorAssemblies (436ms)
				LogAssemblyErrors (0ms)
				InitializePlatformSupportModulesInManaged (5ms)
				SetLoadedEditorAssemblies (0ms)
				RefreshPlugins (78ms)
				BeforeProcessingInitializeOnLoad (93ms)
				ProcessInitializeOnLoadAttributes (211ms)
				ProcessInitializeOnLoadMethodAttributes (40ms)
				AfterProcessingInitializeOnLoad (9ms)
				EditorAssembliesLoaded (0ms)
			ExecutionOrderSort2 (0ms)
			AwakeInstancesAfterBackupRestoration (5ms)
Platform modules already initialized, skipping
========================================================================
Worker process is ready to serve import requests
Launched and connected shader compiler UnityShaderCompiler.exe after 0.06 seconds
Refreshing native plugins compatible for Editor in 1.27 ms, found 4 plugins.
Preloading 0 native plugins for Editor in 0.00 ms.
Unloading 4112 Unused Serialized files (Serialized files now loaded: 0)
Unloading 45 unused Assets / (222.6 KB). Loaded Objects now: 4562.
Memory consumption went from 154.8 MB to 154.5 MB.
Total: 3.411400 ms (FindLiveObjects: 0.278000 ms CreateObjectMapping: 0.190700 ms MarkObjects: 2.816000 ms  DeleteObjects: 0.126100 ms)

AssetImportParameters requested are different than current active one (requested -> active):
  custom:video-decoder-ogg-theora: a1e56fd34408186e4bbccfd4996cb3dc -> 
  custom:container-muxer-webm: aa71ff27fc2769a1b78a27578f13a17b -> 
  custom:container-demuxer-webm: 4f35f7cbe854078d1ac9338744f61a02 -> 
  custom:video-encoder-webm-vp8: eb34c28f22e8b96e1ab97ce403110664 -> 
  custom:audio-encoder-webm-vorbis: bf7c407c2cedff20999df2af8eb42d56 -> 
  custom:framework-win-MediaFoundation: 216162199b28c13a410421893ffa2e32 -> 
  custom:container-demuxer-ogg: 62fdf1f143b41e24485cea50d1cbac27 -> 
  custom:video-decoder-webm-vp8: 9c59270c3fd7afecdb556c50c9e8de78 -> 
  custom:audio-decoder-ogg-vorbis: bf7c407c2cedff20999df2af8eb42d56 -> 
========================================================================
Received Import Request.
  Time since last request: 251968.542087 seconds.
  path: Assets/Scenes/Menu 1.unity
  artifactKey: Guid(2ddc0940b46c8e4489ed8cef23f9ee78) Importer(815301076,1909f56bfc062723c751e8b465ee728b)
Start importing Assets/Scenes/Menu 1.unity using Guid(2ddc0940b46c8e4489ed8cef23f9ee78) Importer(815301076,1909f56bfc062723c751e8b465ee728b)  -> (artifact id: '4d7eed7ff73d9384cd340eb5b9cda894') in 0.011116 seconds 
========================================================================
Received Import Request.
  Time since last request: 5.226112 seconds.
  path: Assets/Scenes/Game.unity
  artifactKey: Guid(1aa7d0249dd0a15409a1a59c9de8ec5e) Importer(815301076,1909f56bfc062723c751e8b465ee728b)
Start importing Assets/Scenes/Game.unity using Guid(1aa7d0249dd0a15409a1a59c9de8ec5e) Importer(815301076,1909f56bfc062723c751e8b465ee728b)  -> (artifact id: 'd72e59c1042f3667de2dbb8357170795') in 0.005534 seconds 
========================================================================
Received Import Request.
  Time since last request: 4.245980 seconds.
  path: Assets/Scenes/WinnerScreen.unity
  artifactKey: Guid(9811f30fa475753498816aee25c4f94d) Importer(815301076,1909f56bfc062723c751e8b465ee728b)
Start importing Assets/Scenes/WinnerScreen.unity using Guid(9811f30fa475753498816aee25c4f94d) Importer(815301076,1909f56bfc062723c751e8b465ee728b)  -> (artifact id: 'd57dcc27047a829b843d1e499e12f052') in 0.005597 seconds 
========================================================================
Received Import Request.
  Time since last request: 1.025546 seconds.
  path: Assets/Scenes/SampleScene.unity
  artifactKey: Guid(889c4012e5306244a8d6075a32b978a9) Importer(815301076,1909f56bfc062723c751e8b465ee728b)
Start importing Assets/Scenes/SampleScene.unity using Guid(889c4012e5306244a8d6075a32b978a9) Importer(815301076,1909f56bfc062723c751e8b465ee728b)  -> (artifact id: '58cfc348d39c2f52483cc2ad9060d10f') in 0.005518 seconds 
========================================================================
Received Import Request.
  Time since last request: 0.922884 seconds.
  path: Assets/Scenes/mvereb code.unity
  artifactKey: Guid(2cda990e2423bbf4892e6590ba056729) Importer(815301076,1909f56bfc062723c751e8b465ee728b)
Start importing Assets/Scenes/mvereb code.unity using Guid(2cda990e2423bbf4892e6590ba056729) Importer(815301076,1909f56bfc062723c751e8b465ee728b)  -> (artifact id: 'c527f9457473b6e1e6744ba00f272771') in 0.005286 seconds 
========================================================================
Received Import Request.
  Time since last request: 4.355947 seconds.
  path: Assets/Scenes/LoseScreen.unity
  artifactKey: Guid(e094d6fb561735149968e7c8aba895e2) Importer(815301076,1909f56bfc062723c751e8b465ee728b)
Start importing Assets/Scenes/LoseScreen.unity using Guid(e094d6fb561735149968e7c8aba895e2) Importer(815301076,1909f56bfc062723c751e8b465ee728b)  -> (artifact id: '23f222e311174b8d67d918033317a74e') in 0.005574 seconds 
========================================================================
Received Import Request.
  Time since last request: 1.030135 seconds.
  path: Assets/Scenes/Level2Original.unity
  artifactKey: Guid(8467f703f78cb23428dfdb832032664c) Importer(815301076,1909f56bfc062723c751e8b465ee728b)
Start importing Assets/Scenes/Level2Original.unity using Guid(8467f703f78cb23428dfdb832032664c) Importer(815301076,1909f56bfc062723c751e8b465ee728b)  -> (artifact id: 'c8834ec2d3ba8189dda3d31bf2bc6672') in 0.005403 seconds 
========================================================================
Received Prepare
Registering precompiled user dll's ...
Registered in 0.009479 seconds.
Begin MonoManager ReloadAssembly
Symbol file LoadedFromMemory doesn't match image C:\Users\Mercury\Documents\School\DIG 4715C\Puzzle Bobble Please Work\Library\PackageCache\com.unity.visualscripting@1.7.8\Editor\VisualScripting.Core\Dependencies\YamlDotNet\Unity.VisualScripting.YamlDotNet.dll
Symbol file LoadedFromMemory doesn't match image C:\Users\Mercury\Documents\School\DIG 4715C\Puzzle Bobble Please Work\Library\PackageCache\com.unity.visualscripting@1.7.8\Editor\VisualScripting.Core\Dependencies\DotNetZip\Unity.VisualScripting.IonicZip.dll
Native extension for WindowsStandalone target not found
Native extension for WebGL target not found
Refreshing native plugins compatible for Editor in 1.14 ms, found 4 plugins.
Preloading 0 native plugins for Editor in 0.00 ms.
Mono: successfully reloaded assembly
- Completed reload, in  0.905 seconds
Domain Reload Profiling:
	ReloadAssembly (906ms)
		BeginReloadAssembly (126ms)
			ExecutionOrderSort (0ms)
			DisableScriptedObjects (5ms)
			BackupInstance (0ms)
			ReleaseScriptingObjects (0ms)
			CreateAndSetChildDomain (34ms)
		EndReloadAssembly (688ms)
			LoadAssemblies (94ms)
			RebuildTransferFunctionScriptingTraits (0ms)
			SetupTypeCache (193ms)
			ReleaseScriptCaches (2ms)
			RebuildScriptCaches (37ms)
			SetupLoadedEditorAssemblies (311ms)
				LogAssemblyErrors (0ms)
				InitializePlatformSupportModulesInManaged (12ms)
				SetLoadedEditorAssemblies (0ms)
				RefreshPlugins (1ms)
				BeforeProcessingInitializeOnLoad (76ms)
				ProcessInitializeOnLoadAttributes (180ms)
				ProcessInitializeOnLoadMethodAttributes (33ms)
				AfterProcessingInitializeOnLoad (9ms)
				EditorAssembliesLoaded (0ms)
			ExecutionOrderSort2 (0ms)
			AwakeInstancesAfterBackupRestoration (7ms)
Platform modules already initialized, skipping
Refreshing native plugins compatible for Editor in 4.29 ms, found 4 plugins.
Preloading 0 native plugins for Editor in 0.00 ms.
Unloading 4094 Unused Serialized files (Serialized files now loaded: 0)
Unloading 32 unused Assets / (189.8 KB). Loaded Objects now: 4565.
Memory consumption went from 153.4 MB to 153.2 MB.
Total: 5.080000 ms (FindLiveObjects: 0.507700 ms CreateObjectMapping: 0.198600 ms MarkObjects: 4.215700 ms  DeleteObjects: 0.157000 ms)

AssetImportParameters requested are different than current active one (requested -> active):
  custom:video-decoder-ogg-theora: a1e56fd34408186e4bbccfd4996cb3dc -> 
  custom:container-muxer-webm: aa71ff27fc2769a1b78a27578f13a17b -> 
  custom:container-demuxer-webm: 4f35f7cbe854078d1ac9338744f61a02 -> 
  custom:video-encoder-webm-vp8: eb34c28f22e8b96e1ab97ce403110664 -> 
  custom:audio-encoder-webm-vorbis: bf7c407c2cedff20999df2af8eb42d56 -> 
  custom:framework-win-MediaFoundation: 216162199b28c13a410421893ffa2e32 -> 
  custom:container-demuxer-ogg: 62fdf1f143b41e24485cea50d1cbac27 -> 
  custom:video-decoder-webm-vp8: 9c59270c3fd7afecdb556c50c9e8de78 -> 
  custom:audio-decoder-ogg-vorbis: bf7c407c2cedff20999df2af8eb42d56 -> 
========================================================================
Received Import Request.
  Time since last request: 83.389570 seconds.
  path: Assets/Scenes - Copy/SampleScene.unity
  artifactKey: Guid(126e1f791c18d0a4d9f7b3b8929f6c69) Importer(815301076,1909f56bfc062723c751e8b465ee728b)
Start importing Assets/Scenes - Copy/SampleScene.unity using Guid(126e1f791c18d0a4d9f7b3b8929f6c69) Importer(815301076,1909f56bfc062723c751e8b465ee728b)  -> (artifact id: '7165e2671c55fcb03ffabc1b138b1a02') in 0.008724 seconds 
========================================================================
Received Import Request.
  Time since last request: 18.503244 seconds.
  path: Assets/Sprites/aboutbutton.png
  artifactKey: Guid(6e52121a4621b2848a0286aa7cd695cd) Importer(815301076,1909f56bfc062723c751e8b465ee728b)
Start importing Assets/Sprites/aboutbutton.png using Guid(6e52121a4621b2848a0286aa7cd695cd) Importer(815301076,1909f56bfc062723c751e8b465ee728b)  -> (artifact id: '2d2af42a0ed21a0788cc43fe8bd8ca23') in 0.101244 seconds 
========================================================================
Received Import Request.
  Time since last request: 0.000015 seconds.
  path: Assets/Sprites/BackArrow2.png
  artifactKey: Guid(7e85afdf5945e274a96adda5d1efbfd1) Importer(815301076,1909f56bfc062723c751e8b465ee728b)
Start importing Assets/Sprites/BackArrow2.png using Guid(7e85afdf5945e274a96adda5d1efbfd1) Importer(815301076,1909f56bfc062723c751e8b465ee728b)  -> (artifact id: 'f8d8c56b0bc8a1ce324fe9596320fbeb') in 0.018662 seconds 
========================================================================
Received Import Request.
  Time since last request: 0.000023 seconds.
  path: Assets/Sprites/startbutton.png
  artifactKey: Guid(b0149196ad589de4088ae7c35d167e94) Importer(815301076,1909f56bfc062723c751e8b465ee728b)
Start importing Assets/Sprites/startbutton.png using Guid(b0149196ad589de4088ae7c35d167e94) Importer(815301076,1909f56bfc062723c751e8b465ee728b)  -> (artifact id: '273affadd1e3f635526fd7a74cfb787b') in 0.022559 seconds 
========================================================================
Received Import Request.
  Time since last request: 0.000026 seconds.
  path: Assets/Sprites/optionsbutton.png
  artifactKey: Guid(02a3354429746d244b310c0a18d064af) Importer(815301076,1909f56bfc062723c751e8b465ee728b)
Start importing Assets/Sprites/optionsbutton.png using Guid(02a3354429746d244b310c0a18d064af) Importer(815301076,1909f56bfc062723c751e8b465ee728b)  -> (artifact id: '612342e0d224f5ec7c8914c1a743c5ce') in 0.026651 seconds 
========================================================================
Received Import Request.
  Time since last request: 0.000018 seconds.
  path: Assets/Sprites/creditsbutton (1).png
  artifactKey: Guid(a12f305b22273e64d941b273c61e6714) Importer(815301076,1909f56bfc062723c751e8b465ee728b)
Start importing Assets/Sprites/creditsbutton (1).png using Guid(a12f305b22273e64d941b273c61e6714) Importer(815301076,1909f56bfc062723c751e8b465ee728b)  -> (artifact id: 'd20c7ea063291497634dfadeea8d4f65') in 0.021146 seconds 
========================================================================
Received Import Request.
  Time since last request: 0.000017 seconds.
  path: Assets/Sprites/titlelogo.png
  artifactKey: Guid(4584ca11223150e4282a2783da69c025) Importer(815301076,1909f56bfc062723c751e8b465ee728b)
Start importing Assets/Sprites/titlelogo.png using Guid(4584ca11223150e4282a2783da69c025) Importer(815301076,1909f56bfc062723c751e8b465ee728b)  -> (artifact id: '5bbcf5c2221a77cd213200a1ed22d06d') in 0.029957 seconds 
========================================================================
Received Import Request.
  Time since last request: 40.534293 seconds.
  path: Assets/Sprites/Backgrounds/background2.png
  artifactKey: Guid(1215c54c6a7f1a44f8379b973bcc5766) Importer(815301076,1909f56bfc062723c751e8b465ee728b)
Start importing Assets/Sprites/Backgrounds/background2.png using Guid(1215c54c6a7f1a44f8379b973bcc5766) Importer(815301076,1909f56bfc062723c751e8b465ee728b)  -> (artifact id: 'dd7a9aaa7d3994dab4636250d80ceb87') in 0.060046 seconds 
========================================================================
Received Import Request.
  Time since last request: 17.485140 seconds.
  path: Assets/Sprites/MenuAssets
  artifactKey: Guid(9511dde023f569e4f96d4076841de44b) Importer(815301076,1909f56bfc062723c751e8b465ee728b)
Start importing Assets/Sprites/MenuAssets using Guid(9511dde023f569e4f96d4076841de44b) Importer(815301076,1909f56bfc062723c751e8b465ee728b)  -> (artifact id: '048266cfabcd57496c2fefa71da623f8') in 0.005612 seconds 
========================================================================
Received Import Request.
  Time since last request: 0.026123 seconds.
  path: Assets/Sprites/MenuAssets/aboutbutton.png
  artifactKey: Guid(0824d713feb706e4bbf1f52ec83e483c) Importer(815301076,1909f56bfc062723c751e8b465ee728b)
Start importing Assets/Sprites/MenuAssets/aboutbutton.png using Guid(0824d713feb706e4bbf1f52ec83e483c) Importer(815301076,1909f56bfc062723c751e8b465ee728b)  -> (artifact id: '41f94e103cc9d81953d6da804df11a4f') in 0.020463 seconds 
========================================================================
Received Import Request.
  Time since last request: 0.000015 seconds.
  path: Assets/Sprites/MenuAssets/optionsbutton.png
  artifactKey: Guid(17b8c0bc4f6e16e468e5307642486191) Importer(815301076,1909f56bfc062723c751e8b465ee728b)
Start importing Assets/Sprites/MenuAssets/optionsbutton.png using Guid(17b8c0bc4f6e16e468e5307642486191) Importer(815301076,1909f56bfc062723c751e8b465ee728b)  -> (artifact id: 'faf39a26e36b6f66dca89ce17337a91b') in 0.017945 seconds 
Editor requested this worker to shutdown with reason: Scaling down because of idle timeout
AssetImportWorker is now disconnected from the server
Process exiting
Exiting without the bug reporter. Application will terminate with return code 0